获取所有脚本, 共: 25个
开始: 0 结束: 8
开始: 9 结束: 17
开始: 18 结束: 24
准备写入: $content 中 data 没数据: {
    "success": true,
    "title": "吾爱破解",
    "subtitle": "热榜",
    "update_time": "2024-05-26 19:15:34",
    "data": []
}
进程: 46397 已退出, 退出状态码为: 0
进程: 46397 已退出, 是通过接受信号而中断的

进程: 46398 已退出, 退出状态码为: 0
进程: 46398 已退出, 是通过接受信号而中断的

进程: 46399 已退出, 退出状态码为: 0
进程: 46399 已退出, 是通过接受信号而中断的

获取所有结果, 共: 25个
没数据结果, 重试脚本获取数据wuaipojie
准备写入: $content 中 data 没数据: {
    "success": true,
    "title": "吾爱破解",
    "subtitle": "热榜",
    "update_time": "2024-05-26 19:15:37",
    "data": []
}
